<?xml version="1.0" encoding="UTF-8"?>
<testsuite xmlns:xsi="http://www.w3.org/2001/XMLSchema-instance" xsi:noNamespaceSchemaLocation="https://maven.apache.org/surefire/maven-surefire-plugin/xsd/surefire-test-report.xsd" version="3.0.2" name="org.example.LexerTest" time="0.025" tests="3" errors="0" skipped="0" failures="0">
  <properties>
[...]
</properties>
  <testcase name="testLexicalError" classname="org.example.LexerTest" time="0.011"/>
  <testcase name="tokenize" classname="org.example.LexerTest" time="0.003"/>
  <testcase name="testKeywords" classname="org.example.LexerTest" time="0.0"/>
</testsuite>